{"C:\\code\\vite-vitest-vanilla-ts\\src\\sum.ts": {"path":"C:\\code\\vite-vitest-vanilla-ts\\src\\sum.ts","all":false,"statementMap":{"0":{"start":{"line":1,"column":0},"end":{"line":1,"column":51}},"1":{"start":{"line":2,"column":0},"end":{"line":2,"column":52}},"2":{"start":{"line":3,"column":0},"end":{"line":3,"column":1}},"3":{"start":{"line":4,"column":0},"end":{"line":4,"column":0}},"4":{"start":{"line":5,"column":0},"end":{"line":5,"column":38}}},"s":{"0":1,"1":3,"2":3,"3":1,"4":1},"branchMap":{"0":{"type":"branch","line":1,"loc":{"start":{"line":1,"column":50},"end":{"line":3,"column":1}},"locations":[{"start":{"line":1,"column":50},"end":{"line":3,"column":1}}]},"1":{"type":"branch","line":2,"loc":{"start":{"line":2,"column":24},"end":{"line":2,"column":49}},"locations":[{"start":{"line":2,"column":24},"end":{"line":2,"column":49}}]}},"b":{"0":[3],"1":[10]},"fnMap":{"0":{"name":"sum","decl":{"start":{"line":1,"column":50},"end":{"line":3,"column":1}},"loc":{"start":{"line":1,"column":50},"end":{"line":3,"column":1}},"line":1}},"f":{"0":3}}
}
